Arguments: 
  /usr/local/bin/node /home/adaao/.yarn/bin/yarn.js init

PATH: 
  /home/adaao/tools/google-cloud-sdk/bin:/home/adaao/.yarn/bin:/home/adaao/.yarn/bin:/home/adaao/.config/yarn/global/node_modules/.bin:/home/adaao/.asdf/shims:/home/adaao/.asdf/bin:/home/adaao/tools/android_studio/android-studio/bin:/home/adaao/tools/flutter/bin:/home/adaao/.local/bin:/usr/local/sbin:/usr/local/bin:/usr/sbin:/usr/bin:/sbin:/bin:/usr/games:/usr/local/games:/snap/bin

Yarn version: 
  1.21.1

Node version: 
  14.15.0

Platform: 
  linux x64

Trace: 
  Error: canceled
      at Interface.<anonymous> (/home/adaao/.yarn/lib/cli.js:136925:13)
      at Interface.emit (events.js:315:20)
      at Interface._ttyWrite (readline.js:875:16)
      at ReadStream.onkeypress (readline.js:213:10)
      at ReadStream.emit (events.js:315:20)
      at emitKeys (internal/readline/utils.js:345:14)
      at emitKeys.next (<anonymous>)
      at ReadStream.onData (readline.js:1144:36)
      at ReadStream.emit (events.js:315:20)
      at addChunk (_stream_readable.js:309:12)

npm manifest: 
  No manifest

yarn manifest: 
  No manifest

Lockfile: 
  No lockfile
